mode: set
github.com/davideme/lamp-control-api-reference/cmd/lamp-control-api/main.go:31.60,32.32 1 1
github.com/davideme/lamp-control-api-reference/cmd/lamp-control-api/main.go:32.32,37.3 3 1
github.com/davideme/lamp-control-api-reference/cmd/lamp-control-api/main.go:38.2,42.60 4 1
github.com/davideme/lamp-control-api-reference/cmd/lamp-control-api/main.go:42.60,45.3 1 0
github.com/davideme/lamp-control-api-reference/cmd/lamp-control-api/main.go:49.40,51.21 2 0
github.com/davideme/lamp-control-api-reference/cmd/lamp-control-api/main.go:51.21,53.16 2 0
github.com/davideme/lamp-control-api-reference/cmd/lamp-control-api/main.go:53.16,55.4 1 0
github.com/davideme/lamp-control-api-reference/cmd/lamp-control-api/main.go:57.3,57.9 1 0
github.com/davideme/lamp-control-api-reference/cmd/lamp-control-api/main.go:60.2,64.69 3 0
github.com/davideme/lamp-control-api-reference/cmd/lamp-control-api/main.go:64.69,67.3 1 0
github.com/davideme/lamp-control-api-reference/cmd/lamp-control-api/main.go:69.2,69.60 1 0
github.com/davideme/lamp-control-api-reference/cmd/lamp-control-api/main.go:69.60,72.3 2 0
github.com/davideme/lamp-control-api-reference/cmd/lamp-control-api/main.go:74.2,74.50 1 0
github.com/davideme/lamp-control-api-reference/cmd/lamp-control-api/main.go:78.111,83.21 4 0
github.com/davideme/lamp-control-api-reference/cmd/lamp-control-api/main.go:83.21,88.20 2 0
github.com/davideme/lamp-control-api-reference/cmd/lamp-control-api/main.go:88.20,90.71 2 0
github.com/davideme/lamp-control-api-reference/cmd/lamp-control-api/main.go:90.71,93.5 1 0
github.com/davideme/lamp-control-api-reference/cmd/lamp-control-api/main.go:95.4,95.62 1 0
github.com/davideme/lamp-control-api-reference/cmd/lamp-control-api/main.go:95.62,97.18 2 0
github.com/davideme/lamp-control-api-reference/cmd/lamp-control-api/main.go:97.18,99.6 1 0
github.com/davideme/lamp-control-api-reference/cmd/lamp-control-api/main.go:100.5,103.24 3 0
github.com/davideme/lamp-control-api-reference/cmd/lamp-control-api/main.go:107.3,108.17 2 0
github.com/davideme/lamp-control-api-reference/cmd/lamp-control-api/main.go:108.17,110.17 2 0
github.com/davideme/lamp-control-api-reference/cmd/lamp-control-api/main.go:110.17,112.5 1 0
github.com/davideme/lamp-control-api-reference/cmd/lamp-control-api/main.go:113.4,114.30 2 0
github.com/davideme/lamp-control-api-reference/cmd/lamp-control-api/main.go:115.9,120.4 4 0
github.com/davideme/lamp-control-api-reference/cmd/lamp-control-api/main.go:121.8,124.3 2 0
github.com/davideme/lamp-control-api-reference/cmd/lamp-control-api/main.go:126.2,126.22 1 0
github.com/davideme/lamp-control-api-reference/cmd/lamp-control-api/main.go:129.13,136.24 5 0
github.com/davideme/lamp-control-api-reference/cmd/lamp-control-api/main.go:136.24,140.3 2 0
github.com/davideme/lamp-control-api-reference/cmd/lamp-control-api/main.go:142.2,145.16 3 0
github.com/davideme/lamp-control-api-reference/cmd/lamp-control-api/main.go:145.16,148.3 2 0
github.com/davideme/lamp-control-api-reference/cmd/lamp-control-api/main.go:151.2,164.44 6 0
github.com/davideme/lamp-control-api-reference/cmd/lamp-control-api/main.go:164.44,174.3 3 0
github.com/davideme/lamp-control-api-reference/cmd/lamp-control-api/main.go:176.2,186.12 4 0
github.com/davideme/lamp-control-api-reference/cmd/lamp-control-api/main.go:186.12,188.75 2 0
github.com/davideme/lamp-control-api-reference/cmd/lamp-control-api/main.go:188.75,190.4 1 0
github.com/davideme/lamp-control-api-reference/cmd/lamp-control-api/main.go:194.2,202.48 5 0
github.com/davideme/lamp-control-api-reference/cmd/lamp-control-api/main.go:202.48,204.3 1 0
github.com/davideme/lamp-control-api-reference/cmd/lamp-control-api/main.go:207.2,207.17 1 0
github.com/davideme/lamp-control-api-reference/cmd/lamp-control-api/main.go:207.17,210.3 2 0
github.com/davideme/lamp-control-api-reference/cmd/lamp-control-api/main.go:212.2,212.31 1 0
github.com/davideme/lamp-control-api-reference/api/entities/lamp_entity.go:25.45,30.2 1 0
github.com/davideme/lamp-control-api-reference/api/entities/lamp_entity.go:34.48,36.2 1 0
github.com/davideme/lamp-control-api-reference/api/queries/db.go:20.28,22.2 1 0
github.com/davideme/lamp-control-api-reference/api/queries/db.go:28.46,32.2 1 0
github.com/davideme/lamp-control-api-reference/api/queries/lamps.sql.go:20.66,25.2 4 0
github.com/davideme/lamp-control-api-reference/api/queries/lamps.sql.go:38.87,49.2 4 0
github.com/davideme/lamp-control-api-reference/api/queries/lamps.sql.go:62.88,64.16 2 0
github.com/davideme/lamp-control-api-reference/api/queries/lamps.sql.go:64.16,66.3 1 0
github.com/davideme/lamp-control-api-reference/api/queries/lamps.sql.go:67.2,67.35 1 0
github.com/davideme/lamp-control-api-reference/api/queries/lamps.sql.go:78.75,80.16 2 0
github.com/davideme/lamp-control-api-reference/api/queries/lamps.sql.go:80.16,82.3 1 0
github.com/davideme/lamp-control-api-reference/api/queries/lamps.sql.go:83.2,85.18 3 0
github.com/davideme/lamp-control-api-reference/api/queries/lamps.sql.go:85.18,93.17 2 0
github.com/davideme/lamp-control-api-reference/api/queries/lamps.sql.go:93.17,95.4 1 0
github.com/davideme/lamp-control-api-reference/api/queries/lamps.sql.go:96.3,96.27 1 0
github.com/davideme/lamp-control-api-reference/api/queries/lamps.sql.go:98.2,98.35 1 0
github.com/davideme/lamp-control-api-reference/api/queries/lamps.sql.go:98.35,100.3 1 0
github.com/davideme/lamp-control-api-reference/api/queries/lamps.sql.go:101.2,101.19 1 0
github.com/davideme/lamp-control-api-reference/api/queries/lamps.sql.go:110.82,121.2 4 0
github.com/davideme/lamp-control-api-reference/api/queries/lamps.sql.go:136.87,138.16 2 0
github.com/davideme/lamp-control-api-reference/api/queries/lamps.sql.go:138.16,140.3 1 0
github.com/davideme/lamp-control-api-reference/api/queries/lamps.sql.go:141.2,143.18 3 0
github.com/davideme/lamp-control-api-reference/api/queries/lamps.sql.go:143.18,151.17 2 0
github.com/davideme/lamp-control-api-reference/api/queries/lamps.sql.go:151.17,153.4 1 0
github.com/davideme/lamp-control-api-reference/api/queries/lamps.sql.go:154.3,154.27 1 0
github.com/davideme/lamp-control-api-reference/api/queries/lamps.sql.go:156.2,156.35 1 0
github.com/davideme/lamp-control-api-reference/api/queries/lamps.sql.go:156.35,158.3 1 0
github.com/davideme/lamp-control-api-reference/api/queries/lamps.sql.go:159.2,159.19 1 0
github.com/davideme/lamp-control-api-reference/api/queries/lamps.sql.go:174.87,185.2 4 0
github.com/davideme/lamp-control-api-reference/api/config.go:28.49,44.25 8 1
github.com/davideme/lamp-control-api-reference/api/config.go:44.25,46.3 1 1
github.com/davideme/lamp-control-api-reference/api/config.go:49.2,60.16 2 1
github.com/davideme/lamp-control-api-reference/api/config.go:60.16,62.3 1 1
github.com/davideme/lamp-control-api-reference/api/config.go:63.2,63.19 1 1
github.com/davideme/lamp-control-api-reference/api/config.go:63.19,65.17 2 1
github.com/davideme/lamp-control-api-reference/api/config.go:65.17,68.4 2 1
github.com/davideme/lamp-control-api-reference/api/config.go:68.9,70.4 1 1
github.com/davideme/lamp-control-api-reference/api/config.go:72.2,72.20 1 1
github.com/davideme/lamp-control-api-reference/api/config.go:72.20,74.3 1 1
github.com/davideme/lamp-control-api-reference/api/config.go:75.2,75.16 1 1
github.com/davideme/lamp-control-api-reference/api/config.go:75.16,77.3 1 1
github.com/davideme/lamp-control-api-reference/api/config.go:78.2,78.20 1 1
github.com/davideme/lamp-control-api-reference/api/config.go:78.20,80.3 1 1
github.com/davideme/lamp-control-api-reference/api/config.go:83.2,83.67 1 1
github.com/davideme/lamp-control-api-reference/api/config.go:83.67,85.17 2 1
github.com/davideme/lamp-control-api-reference/api/config.go:85.17,88.4 2 1
github.com/davideme/lamp-control-api-reference/api/config.go:88.9,90.4 1 1
github.com/davideme/lamp-control-api-reference/api/config.go:92.2,92.67 1 1
github.com/davideme/lamp-control-api-reference/api/config.go:92.67,94.17 2 1
github.com/davideme/lamp-control-api-reference/api/config.go:94.17,97.4 2 1
github.com/davideme/lamp-control-api-reference/api/config.go:97.9,99.4 1 1
github.com/davideme/lamp-control-api-reference/api/config.go:102.2,102.15 1 1
github.com/davideme/lamp-control-api-reference/api/config.go:106.52,108.65 1 1
github.com/davideme/lamp-control-api-reference/api/config.go:108.65,110.3 1 1
github.com/davideme/lamp-control-api-reference/api/config.go:113.2,116.3 1 1
github.com/davideme/lamp-control-api-reference/api/config.go:120.95,123.16 2 1
github.com/davideme/lamp-control-api-reference/api/config.go:123.16,125.3 1 1
github.com/davideme/lamp-control-api-reference/api/config.go:128.2,128.56 1 1
github.com/davideme/lamp-control-api-reference/api/config.go:128.56,130.3 1 1
github.com/davideme/lamp-control-api-reference/api/config.go:132.2,132.56 1 1
github.com/davideme/lamp-control-api-reference/api/config.go:132.56,134.3 1 1
github.com/davideme/lamp-control-api-reference/api/config.go:136.2,142.16 5 1
github.com/davideme/lamp-control-api-reference/api/config.go:142.16,144.3 1 0
github.com/davideme/lamp-control-api-reference/api/config.go:147.2,147.39 1 1
github.com/davideme/lamp-control-api-reference/api/config.go:147.39,151.3 2 1
github.com/davideme/lamp-control-api-reference/api/config.go:153.2,153.18 1 1
github.com/davideme/lamp-control-api-reference/api/lamp.gen.go:96.98,98.2 1 0
github.com/davideme/lamp-control-api-reference/api/lamp.gen.go:102.75,104.2 1 0
github.com/davideme/lamp-control-api-reference/api/lamp.gen.go:108.90,110.2 1 0
github.com/davideme/lamp-control-api-reference/api/lamp.gen.go:114.87,116.2 1 0
github.com/davideme/lamp-control-api-reference/api/lamp.gen.go:120.90,122.2 1 0
github.com/davideme/lamp-control-api-reference/api/lamp.gen.go:134.86,144.16 4 0
github.com/davideme/lamp-control-api-reference/api/lamp.gen.go:144.16,147.3 2 0
github.com/davideme/lamp-control-api-reference/api/lamp.gen.go:151.2,152.16 2 0
github.com/davideme/lamp-control-api-reference/api/lamp.gen.go:152.16,155.3 2 0
github.com/davideme/lamp-control-api-reference/api/lamp.gen.go:157.2,157.88 1 0
github.com/davideme/lamp-control-api-reference/api/lamp.gen.go:157.88,159.3 1 0
github.com/davideme/lamp-control-api-reference/api/lamp.gen.go:161.2,161.52 1 0
github.com/davideme/lamp-control-api-reference/api/lamp.gen.go:161.52,163.3 1 0
github.com/davideme/lamp-control-api-reference/api/lamp.gen.go:165.2,165.25 1 0
github.com/davideme/lamp-control-api-reference/api/lamp.gen.go:169.87,171.88 1 0
github.com/davideme/lamp-control-api-reference/api/lamp.gen.go:171.88,173.3 1 0
github.com/davideme/lamp-control-api-reference/api/lamp.gen.go:175.2,175.52 1 0
github.com/davideme/lamp-control-api-reference/api/lamp.gen.go:175.52,177.3 1 0
github.com/davideme/lamp-control-api-reference/api/lamp.gen.go:179.2,179.25 1 0
github.com/davideme/lamp-control-api-reference/api/lamp.gen.go:183.87,191.16 4 0
github.com/davideme/lamp-control-api-reference/api/lamp.gen.go:191.16,194.3 2 0
github.com/davideme/lamp-control-api-reference/api/lamp.gen.go:196.2,196.88 1 0
github.com/davideme/lamp-control-api-reference/api/lamp.gen.go:196.88,198.3 1 0
github.com/davideme/lamp-control-api-reference/api/lamp.gen.go:200.2,200.52 1 0
github.com/davideme/lamp-control-api-reference/api/lamp.gen.go:200.52,202.3 1 0
github.com/davideme/lamp-control-api-reference/api/lamp.gen.go:204.2,204.25 1 0
github.com/davideme/lamp-control-api-reference/api/lamp.gen.go:208.84,216.16 4 0
github.com/davideme/lamp-control-api-reference/api/lamp.gen.go:216.16,219.3 2 0
github.com/davideme/lamp-control-api-reference/api/lamp.gen.go:221.2,221.88 1 0
github.com/davideme/lamp-control-api-reference/api/lamp.gen.go:221.88,223.3 1 0
github.com/davideme/lamp-control-api-reference/api/lamp.gen.go:225.2,225.52 1 0
github.com/davideme/lamp-control-api-reference/api/lamp.gen.go:225.52,227.3 1 0
github.com/davideme/lamp-control-api-reference/api/lamp.gen.go:229.2,229.25 1 0
github.com/davideme/lamp-control-api-reference/api/lamp.gen.go:233.87,241.16 4 0
github.com/davideme/lamp-control-api-reference/api/lamp.gen.go:241.16,244.3 2 0
github.com/davideme/lamp-control-api-reference/api/lamp.gen.go:246.2,246.88 1 0
github.com/davideme/lamp-control-api-reference/api/lamp.gen.go:246.88,248.3 1 0
github.com/davideme/lamp-control-api-reference/api/lamp.gen.go:250.2,250.52 1 0
github.com/davideme/lamp-control-api-reference/api/lamp.gen.go:250.52,252.3 1 0
github.com/davideme/lamp-control-api-reference/api/lamp.gen.go:254.2,254.25 1 0
github.com/davideme/lamp-control-api-reference/api/lamp.gen.go:262.52,264.2 1 0
github.com/davideme/lamp-control-api-reference/api/lamp.gen.go:266.52,268.2 1 0
github.com/davideme/lamp-control-api-reference/api/lamp.gen.go:275.49,277.2 1 0
github.com/davideme/lamp-control-api-reference/api/lamp.gen.go:279.49,281.2 1 0
github.com/davideme/lamp-control-api-reference/api/lamp.gen.go:287.45,289.2 1 0
github.com/davideme/lamp-control-api-reference/api/lamp.gen.go:296.46,298.2 1 0
github.com/davideme/lamp-control-api-reference/api/lamp.gen.go:300.46,302.2 1 0
github.com/davideme/lamp-control-api-reference/api/lamp.gen.go:309.50,311.2 1 0
github.com/davideme/lamp-control-api-reference/api/lamp.gen.go:313.50,315.2 1 0
github.com/davideme/lamp-control-api-reference/api/lamp.gen.go:322.53,324.2 1 0
github.com/davideme/lamp-control-api-reference/api/lamp.gen.go:327.47,329.2 1 0
github.com/davideme/lamp-control-api-reference/api/lamp.gen.go:339.68,343.2 1 0
github.com/davideme/lamp-control-api-reference/api/lamp.gen.go:345.95,350.2 1 0
github.com/davideme/lamp-control-api-reference/api/lamp.gen.go:353.84,356.14 2 0
github.com/davideme/lamp-control-api-reference/api/lamp.gen.go:356.14,358.3 1 0
github.com/davideme/lamp-control-api-reference/api/lamp.gen.go:359.2,359.37 1 0
github.com/davideme/lamp-control-api-reference/api/lamp.gen.go:359.37,360.86 1 0
github.com/davideme/lamp-control-api-reference/api/lamp.gen.go:360.86,362.4 1 0
github.com/davideme/lamp-control-api-reference/api/lamp.gen.go:364.2,370.29 2 0
github.com/davideme/lamp-control-api-reference/api/lamp.gen.go:370.29,372.3 1 0
github.com/davideme/lamp-control-api-reference/api/lamp.gen.go:373.2,373.29 1 0
github.com/davideme/lamp-control-api-reference/api/lamp.gen.go:373.29,375.3 1 0
github.com/davideme/lamp-control-api-reference/api/lamp.gen.go:376.2,376.29 1 0
github.com/davideme/lamp-control-api-reference/api/lamp.gen.go:376.29,378.3 1 0
github.com/davideme/lamp-control-api-reference/api/lamp.gen.go:379.2,379.29 1 0
github.com/davideme/lamp-control-api-reference/api/lamp.gen.go:379.29,381.3 1 0
github.com/davideme/lamp-control-api-reference/api/lamp.gen.go:382.2,382.29 1 0
github.com/davideme/lamp-control-api-reference/api/lamp.gen.go:382.29,384.3 1 0
github.com/davideme/lamp-control-api-reference/api/lamp.gen.go:386.2,386.10 1 0
github.com/davideme/lamp-control-api-reference/api/lamp.gen.go:403.94,408.2 3 0
github.com/davideme/lamp-control-api-reference/api/lamp.gen.go:413.90,416.2 2 0
github.com/davideme/lamp-control-api-reference/api/lamp.gen.go:420.94,425.2 3 0
github.com/davideme/lamp-control-api-reference/api/lamp.gen.go:437.96,442.2 3 0
github.com/davideme/lamp-control-api-reference/api/lamp.gen.go:446.96,451.2 3 0
github.com/davideme/lamp-control-api-reference/api/lamp.gen.go:464.92,467.2 2 0
github.com/davideme/lamp-control-api-reference/api/lamp.gen.go:471.96,476.2 3 0
github.com/davideme/lamp-control-api-reference/api/lamp.gen.go:481.92,484.2 2 0
github.com/davideme/lamp-control-api-reference/api/lamp.gen.go:496.90,501.2 3 0
github.com/davideme/lamp-control-api-reference/api/lamp.gen.go:506.86,509.2 2 0
github.com/davideme/lamp-control-api-reference/api/lamp.gen.go:513.90,518.2 3 0
github.com/davideme/lamp-control-api-reference/api/lamp.gen.go:523.86,526.2 2 0
github.com/davideme/lamp-control-api-reference/api/lamp.gen.go:539.96,544.2 3 0
github.com/davideme/lamp-control-api-reference/api/lamp.gen.go:548.96,553.2 3 0
github.com/davideme/lamp-control-api-reference/api/lamp.gen.go:558.92,561.2 2 0
github.com/davideme/lamp-control-api-reference/api/lamp.gen.go:590.102,592.84 1 0
github.com/davideme/lamp-control-api-reference/api/lamp.gen.go:592.84,594.4 1 0
github.com/davideme/lamp-control-api-reference/api/lamp.gen.go:595.85,597.4 1 0
github.com/davideme/lamp-control-api-reference/api/lamp.gen.go:601.146,603.2 1 0
github.com/davideme/lamp-control-api-reference/api/lamp.gen.go:612.100,617.121 3 0
github.com/davideme/lamp-control-api-reference/api/lamp.gen.go:617.121,619.3 1 0
github.com/davideme/lamp-control-api-reference/api/lamp.gen.go:620.2,620.44 1 0
github.com/davideme/lamp-control-api-reference/api/lamp.gen.go:620.44,622.3 1 0
github.com/davideme/lamp-control-api-reference/api/lamp.gen.go:624.2,626.16 2 0
github.com/davideme/lamp-control-api-reference/api/lamp.gen.go:626.16,628.3 1 0
github.com/davideme/lamp-control-api-reference/api/lamp.gen.go:628.8,628.72 1 0
github.com/davideme/lamp-control-api-reference/api/lamp.gen.go:628.72,629.65 1 0
github.com/davideme/lamp-control-api-reference/api/lamp.gen.go:629.65,631.4 1 0
github.com/davideme/lamp-control-api-reference/api/lamp.gen.go:632.8,632.28 1 0
github.com/davideme/lamp-control-api-reference/api/lamp.gen.go:632.28,634.3 1 0
github.com/davideme/lamp-control-api-reference/api/lamp.gen.go:638.77,642.62 3 0
github.com/davideme/lamp-control-api-reference/api/lamp.gen.go:642.62,645.3 2 0
github.com/davideme/lamp-control-api-reference/api/lamp.gen.go:646.2,648.121 2 0
github.com/davideme/lamp-control-api-reference/api/lamp.gen.go:648.121,650.3 1 0
github.com/davideme/lamp-control-api-reference/api/lamp.gen.go:651.2,651.44 1 0
github.com/davideme/lamp-control-api-reference/api/lamp.gen.go:651.44,653.3 1 0
github.com/davideme/lamp-control-api-reference/api/lamp.gen.go:655.2,657.16 2 0
github.com/davideme/lamp-control-api-reference/api/lamp.gen.go:657.16,659.3 1 0
github.com/davideme/lamp-control-api-reference/api/lamp.gen.go:659.8,659.73 1 0
github.com/davideme/lamp-control-api-reference/api/lamp.gen.go:659.73,660.66 1 0
github.com/davideme/lamp-control-api-reference/api/lamp.gen.go:660.66,662.4 1 0
github.com/davideme/lamp-control-api-reference/api/lamp.gen.go:663.8,663.28 1 0
github.com/davideme/lamp-control-api-reference/api/lamp.gen.go:663.28,665.3 1 0
github.com/davideme/lamp-control-api-reference/api/lamp.gen.go:669.92,674.121 3 0
github.com/davideme/lamp-control-api-reference/api/lamp.gen.go:674.121,676.3 1 0
github.com/davideme/lamp-control-api-reference/api/lamp.gen.go:677.2,677.44 1 0
github.com/davideme/lamp-control-api-reference/api/lamp.gen.go:677.44,679.3 1 0
github.com/davideme/lamp-control-api-reference/api/lamp.gen.go:681.2,683.16 2 0
github.com/davideme/lamp-control-api-reference/api/lamp.gen.go:683.16,685.3 1 0
github.com/davideme/lamp-control-api-reference/api/lamp.gen.go:685.8,685.73 1 0
github.com/davideme/lamp-control-api-reference/api/lamp.gen.go:685.73,686.66 1 0
github.com/davideme/lamp-control-api-reference/api/lamp.gen.go:686.66,688.4 1 0
github.com/davideme/lamp-control-api-reference/api/lamp.gen.go:689.8,689.28 1 0
github.com/davideme/lamp-control-api-reference/api/lamp.gen.go:689.28,691.3 1 0
github.com/davideme/lamp-control-api-reference/api/lamp.gen.go:695.89,700.121 3 0
github.com/davideme/lamp-control-api-reference/api/lamp.gen.go:700.121,702.3 1 0
github.com/davideme/lamp-control-api-reference/api/lamp.gen.go:703.2,703.44 1 0
github.com/davideme/lamp-control-api-reference/api/lamp.gen.go:703.44,705.3 1 0
github.com/davideme/lamp-control-api-reference/api/lamp.gen.go:707.2,709.16 2 0
github.com/davideme/lamp-control-api-reference/api/lamp.gen.go:709.16,711.3 1 0
github.com/davideme/lamp-control-api-reference/api/lamp.gen.go:711.8,711.70 1 0
github.com/davideme/lamp-control-api-reference/api/lamp.gen.go:711.70,712.63 1 0
github.com/davideme/lamp-control-api-reference/api/lamp.gen.go:712.63,714.4 1 0
github.com/davideme/lamp-control-api-reference/api/lamp.gen.go:715.8,715.28 1 0
github.com/davideme/lamp-control-api-reference/api/lamp.gen.go:715.28,717.3 1 0
github.com/davideme/lamp-control-api-reference/api/lamp.gen.go:721.92,727.62 4 0
github.com/davideme/lamp-control-api-reference/api/lamp.gen.go:727.62,730.3 2 0
github.com/davideme/lamp-control-api-reference/api/lamp.gen.go:731.2,733.121 2 0
github.com/davideme/lamp-control-api-reference/api/lamp.gen.go:733.121,735.3 1 0
github.com/davideme/lamp-control-api-reference/api/lamp.gen.go:736.2,736.44 1 0
github.com/davideme/lamp-control-api-reference/api/lamp.gen.go:736.44,738.3 1 0
github.com/davideme/lamp-control-api-reference/api/lamp.gen.go:740.2,742.16 2 0
github.com/davideme/lamp-control-api-reference/api/lamp.gen.go:742.16,744.3 1 0
github.com/davideme/lamp-control-api-reference/api/lamp.gen.go:744.8,744.73 1 0
github.com/davideme/lamp-control-api-reference/api/lamp.gen.go:744.73,745.66 1 0
github.com/davideme/lamp-control-api-reference/api/lamp.gen.go:745.66,747.4 1 0
github.com/davideme/lamp-control-api-reference/api/lamp.gen.go:748.8,748.28 1 0
github.com/davideme/lamp-control-api-reference/api/lamp.gen.go:748.28,750.3 1 0
github.com/davideme/lamp-control-api-reference/api/lamp.gen.go:778.35,780.16 2 1
github.com/davideme/lamp-control-api-reference/api/lamp.gen.go:780.16,782.3 1 0
github.com/davideme/lamp-control-api-reference/api/lamp.gen.go:783.2,784.16 2 1
github.com/davideme/lamp-control-api-reference/api/lamp.gen.go:784.16,786.3 1 0
github.com/davideme/lamp-control-api-reference/api/lamp.gen.go:787.2,789.16 3 1
github.com/davideme/lamp-control-api-reference/api/lamp.gen.go:789.16,791.3 1 0
github.com/davideme/lamp-control-api-reference/api/lamp.gen.go:793.2,793.25 1 1
github.com/davideme/lamp-control-api-reference/api/lamp.gen.go:799.48,801.32 2 1
github.com/davideme/lamp-control-api-reference/api/lamp.gen.go:801.32,803.3 1 0
github.com/davideme/lamp-control-api-reference/api/lamp.gen.go:807.73,809.25 2 0
github.com/davideme/lamp-control-api-reference/api/lamp.gen.go:809.25,811.3 1 0
github.com/davideme/lamp-control-api-reference/api/lamp.gen.go:813.2,813.12 1 0
github.com/davideme/lamp-control-api-reference/api/lamp.gen.go:821.52,826.87 4 0
github.com/davideme/lamp-control-api-reference/api/lamp.gen.go:826.87,830.10 4 0
github.com/davideme/lamp-control-api-reference/api/lamp.gen.go:830.10,833.4 2 0
github.com/davideme/lamp-control-api-reference/api/lamp.gen.go:834.3,834.19 1 0
github.com/davideme/lamp-control-api-reference/api/lamp.gen.go:836.2,838.16 3 0
github.com/davideme/lamp-control-api-reference/api/lamp.gen.go:838.16,840.3 1 0
github.com/davideme/lamp-control-api-reference/api/lamp.gen.go:841.2,842.16 2 0
github.com/davideme/lamp-control-api-reference/api/lamp.gen.go:842.16,844.3 1 0
github.com/davideme/lamp-control-api-reference/api/lamp.gen.go:845.2,845.8 1 0
github.com/davideme/lamp-control-api-reference/api/lamp.go:21.28,25.2 1 1
github.com/davideme/lamp-control-api-reference/api/lamp.go:28.61,32.2 1 1
github.com/davideme/lamp-control-api-reference/api/lamp.go:36.115,44.36 3 1
github.com/davideme/lamp-control-api-reference/api/lamp.go:44.36,46.3 1 1
github.com/davideme/lamp-control-api-reference/api/lamp.go:48.2,48.54 1 1
github.com/davideme/lamp-control-api-reference/api/lamp.go:48.54,50.3 1 1
github.com/davideme/lamp-control-api-reference/api/lamp.go:52.2,53.66 2 1
github.com/davideme/lamp-control-api-reference/api/lamp.go:53.66,55.74 2 1
github.com/davideme/lamp-control-api-reference/api/lamp.go:55.74,58.4 1 1
github.com/davideme/lamp-control-api-reference/api/lamp.go:59.3,59.24 1 1
github.com/davideme/lamp-control-api-reference/api/lamp.go:62.2,63.16 2 1
github.com/davideme/lamp-control-api-reference/api/lamp.go:63.16,64.43 1 1
github.com/davideme/lamp-control-api-reference/api/lamp.go:64.43,66.4 1 0
github.com/davideme/lamp-control-api-reference/api/lamp.go:68.3,68.115 1 1
github.com/davideme/lamp-control-api-reference/api/lamp.go:71.2,72.13 2 1
github.com/davideme/lamp-control-api-reference/api/lamp.go:72.13,74.3 1 1
github.com/davideme/lamp-control-api-reference/api/lamp.go:77.2,78.38 2 1
github.com/davideme/lamp-control-api-reference/api/lamp.go:78.38,80.3 1 1
github.com/davideme/lamp-control-api-reference/api/lamp.go:82.2,83.13 2 1
github.com/davideme/lamp-control-api-reference/api/lamp.go:83.13,86.3 2 1
github.com/davideme/lamp-control-api-reference/api/lamp.go:88.2,92.8 1 1
github.com/davideme/lamp-control-api-reference/api/lamp.go:97.118,98.25 1 1
github.com/davideme/lamp-control-api-reference/api/lamp.go:98.25,100.3 1 1
github.com/davideme/lamp-control-api-reference/api/lamp.go:103.2,106.16 3 1
github.com/davideme/lamp-control-api-reference/api/lamp.go:106.16,108.3 1 1
github.com/davideme/lamp-control-api-reference/api/lamp.go:111.2,113.45 2 1
github.com/davideme/lamp-control-api-reference/api/lamp.go:118.118,120.16 2 1
github.com/davideme/lamp-control-api-reference/api/lamp.go:120.16,121.38 1 1
github.com/davideme/lamp-control-api-reference/api/lamp.go:121.38,123.4 1 1
github.com/davideme/lamp-control-api-reference/api/lamp.go:125.3,125.112 1 1
github.com/davideme/lamp-control-api-reference/api/lamp.go:128.2,128.37 1 1
github.com/davideme/lamp-control-api-reference/api/lamp.go:133.109,135.16 2 1
github.com/davideme/lamp-control-api-reference/api/lamp.go:135.16,136.38 1 1
github.com/davideme/lamp-control-api-reference/api/lamp.go:136.38,138.4 1 1
github.com/davideme/lamp-control-api-reference/api/lamp.go:140.3,140.114 1 1
github.com/davideme/lamp-control-api-reference/api/lamp.go:144.2,146.42 2 1
github.com/davideme/lamp-control-api-reference/api/lamp.go:151.118,152.25 1 1
github.com/davideme/lamp-control-api-reference/api/lamp.go:152.25,154.3 1 1
github.com/davideme/lamp-control-api-reference/api/lamp.go:156.2,157.21 2 1
github.com/davideme/lamp-control-api-reference/api/lamp.go:157.21,160.3 1 1
github.com/davideme/lamp-control-api-reference/api/lamp.go:162.2,166.16 2 1
github.com/davideme/lamp-control-api-reference/api/lamp.go:166.16,167.38 1 1
github.com/davideme/lamp-control-api-reference/api/lamp.go:167.38,169.4 1 1
github.com/davideme/lamp-control-api-reference/api/lamp.go:171.3,171.112 1 1
github.com/davideme/lamp-control-api-reference/api/lamp.go:174.2,174.66 1 1
github.com/davideme/lamp-control-api-reference/api/lamp.go:184.35,186.2 1 1
github.com/davideme/lamp-control-api-reference/api/lamp.go:189.35,191.2 1 0
github.com/davideme/lamp-control-api-reference/api/lamp_mapper.go:10.51,17.2 1 1
github.com/davideme/lamp-control-api-reference/api/lamp_mapper.go:20.51,27.2 1 0
github.com/davideme/lamp-control-api-reference/api/lamp_mapper.go:30.77,32.2 1 1
github.com/davideme/lamp-control-api-reference/api/lamp_mapper.go:35.106,45.2 2 0
github.com/davideme/lamp-control-api-reference/api/migrate.go:18.51,23.16 3 0
github.com/davideme/lamp-control-api-reference/api/migrate.go:23.16,25.3 1 0
github.com/davideme/lamp-control-api-reference/api/migrate.go:28.2,29.16 2 0
github.com/davideme/lamp-control-api-reference/api/migrate.go:29.16,31.3 1 0
github.com/davideme/lamp-control-api-reference/api/migrate.go:32.2,32.15 1 0
github.com/davideme/lamp-control-api-reference/api/migrate.go:32.15,33.64 1 0
github.com/davideme/lamp-control-api-reference/api/migrate.go:33.64,35.4 1 0
github.com/davideme/lamp-control-api-reference/api/migrate.go:39.2,39.37 1 0
github.com/davideme/lamp-control-api-reference/api/migrate.go:39.37,40.36 1 0
github.com/davideme/lamp-control-api-reference/api/migrate.go:40.36,44.4 2 0
github.com/davideme/lamp-control-api-reference/api/migrate.go:46.3,46.60 1 0
github.com/davideme/lamp-control-api-reference/api/migrate.go:50.2,51.9 2 0
github.com/davideme/lamp-control-api-reference/api/migrate.go:52.50,53.72 1 0
github.com/davideme/lamp-control-api-reference/api/migrate.go:54.13,55.75 1 0
github.com/davideme/lamp-control-api-reference/api/migrate.go:56.10,57.85 1 0
github.com/davideme/lamp-control-api-reference/api/migrate.go:60.2,60.12 1 0
github.com/davideme/lamp-control-api-reference/api/postgres_repository.go:25.76,30.2 1 1
github.com/davideme/lamp-control-api-reference/api/postgres_repository.go:35.101,45.16 5 1
github.com/davideme/lamp-control-api-reference/api/postgres_repository.go:45.16,47.3 1 0
github.com/davideme/lamp-control-api-reference/api/postgres_repository.go:50.2,50.52 1 1
github.com/davideme/lamp-control-api-reference/api/postgres_repository.go:50.52,52.3 1 0
github.com/davideme/lamp-control-api-reference/api/postgres_repository.go:53.2,56.12 3 1
github.com/davideme/lamp-control-api-reference/api/postgres_repository.go:60.104,63.16 2 1
github.com/davideme/lamp-control-api-reference/api/postgres_repository.go:63.16,65.3 1 0
github.com/davideme/lamp-control-api-reference/api/postgres_repository.go:68.2,73.16 5 1
github.com/davideme/lamp-control-api-reference/api/postgres_repository.go:73.16,74.36 1 1
github.com/davideme/lamp-control-api-reference/api/postgres_repository.go:74.36,76.4 1 1
github.com/davideme/lamp-control-api-reference/api/postgres_repository.go:78.3,78.56 1 0
github.com/davideme/lamp-control-api-reference/api/postgres_repository.go:81.2,81.33 1 1
github.com/davideme/lamp-control-api-reference/api/postgres_repository.go:85.125,97.16 5 1
github.com/davideme/lamp-control-api-reference/api/postgres_repository.go:97.16,98.36 1 1
github.com/davideme/lamp-control-api-reference/api/postgres_repository.go:98.36,100.4 1 1
github.com/davideme/lamp-control-api-reference/api/postgres_repository.go:102.3,102.59 1 0
github.com/davideme/lamp-control-api-reference/api/postgres_repository.go:105.2,105.33 1 1
github.com/davideme/lamp-control-api-reference/api/postgres_repository.go:109.79,112.16 2 1
github.com/davideme/lamp-control-api-reference/api/postgres_repository.go:112.16,114.3 1 0
github.com/davideme/lamp-control-api-reference/api/postgres_repository.go:117.2,132.16 6 1
github.com/davideme/lamp-control-api-reference/api/postgres_repository.go:132.16,134.3 1 0
github.com/davideme/lamp-control-api-reference/api/postgres_repository.go:136.2,136.23 1 1
github.com/davideme/lamp-control-api-reference/api/postgres_repository.go:136.23,138.3 1 1
github.com/davideme/lamp-control-api-reference/api/postgres_repository.go:140.2,140.12 1 1
github.com/davideme/lamp-control-api-reference/api/postgres_repository.go:144.115,145.16 1 1
github.com/davideme/lamp-control-api-reference/api/postgres_repository.go:145.16,147.3 1 0
github.com/davideme/lamp-control-api-reference/api/postgres_repository.go:148.2,148.16 1 1
github.com/davideme/lamp-control-api-reference/api/postgres_repository.go:148.16,150.3 1 0
github.com/davideme/lamp-control-api-reference/api/postgres_repository.go:151.2,151.53 1 1
github.com/davideme/lamp-control-api-reference/api/postgres_repository.go:151.53,153.3 1 0
github.com/davideme/lamp-control-api-reference/api/postgres_repository.go:154.2,162.16 4 1
github.com/davideme/lamp-control-api-reference/api/postgres_repository.go:162.16,164.3 1 0
github.com/davideme/lamp-control-api-reference/api/postgres_repository.go:166.2,167.23 2 1
github.com/davideme/lamp-control-api-reference/api/postgres_repository.go:167.23,169.17 2 1
github.com/davideme/lamp-control-api-reference/api/postgres_repository.go:169.17,171.4 1 0
github.com/davideme/lamp-control-api-reference/api/postgres_repository.go:172.3,172.46 1 1
github.com/davideme/lamp-control-api-reference/api/postgres_repository.go:175.2,175.26 1 1
github.com/davideme/lamp-control-api-reference/api/postgres_repository.go:179.87,181.16 2 1
github.com/davideme/lamp-control-api-reference/api/postgres_repository.go:181.16,182.38 1 1
github.com/davideme/lamp-control-api-reference/api/postgres_repository.go:182.38,184.4 1 1
github.com/davideme/lamp-control-api-reference/api/postgres_repository.go:186.3,186.70 1 0
github.com/davideme/lamp-control-api-reference/api/postgres_repository.go:189.2,189.18 1 1
github.com/davideme/lamp-control-api-reference/api/postgres_repository.go:193.100,195.20 1 1
github.com/davideme/lamp-control-api-reference/api/postgres_repository.go:195.20,197.3 1 1
github.com/davideme/lamp-control-api-reference/api/postgres_repository.go:198.2,202.52 3 1
github.com/davideme/lamp-control-api-reference/api/postgres_repository.go:202.52,204.3 1 1
github.com/davideme/lamp-control-api-reference/api/postgres_repository.go:205.2,213.8 3 1
github.com/davideme/lamp-control-api-reference/api/repository.go:47.58,49.2 1 1
github.com/davideme/lamp-control-api-reference/api/repository.go:54.101,55.35 1 1
github.com/davideme/lamp-control-api-reference/api/repository.go:55.35,59.3 3 1
github.com/davideme/lamp-control-api-reference/api/repository.go:61.2,63.12 2 1
github.com/davideme/lamp-control-api-reference/api/repository.go:67.104,69.13 2 1
github.com/davideme/lamp-control-api-reference/api/repository.go:69.13,71.3 1 1
github.com/davideme/lamp-control-api-reference/api/repository.go:72.2,73.9 2 1
github.com/davideme/lamp-control-api-reference/api/repository.go:73.9,75.3 1 0
github.com/davideme/lamp-control-api-reference/api/repository.go:78.2,83.8 1 1
github.com/davideme/lamp-control-api-reference/api/repository.go:87.125,91.6 3 1
github.com/davideme/lamp-control-api-reference/api/repository.go:91.6,93.14 2 1
github.com/davideme/lamp-control-api-reference/api/repository.go:93.14,95.4 1 1
github.com/davideme/lamp-control-api-reference/api/repository.go:97.3,98.10 2 1
github.com/davideme/lamp-control-api-reference/api/repository.go:98.10,100.4 1 0
github.com/davideme/lamp-control-api-reference/api/repository.go:101.3,108.51 2 1
github.com/davideme/lamp-control-api-reference/api/repository.go:108.51,115.4 1 1
github.com/davideme/lamp-control-api-reference/api/repository.go:120.79,122.13 2 1
github.com/davideme/lamp-control-api-reference/api/repository.go:122.13,124.3 1 1
github.com/davideme/lamp-control-api-reference/api/repository.go:126.2,126.12 1 1
github.com/davideme/lamp-control-api-reference/api/repository.go:130.115,131.16 1 1
github.com/davideme/lamp-control-api-reference/api/repository.go:131.16,133.3 1 0
github.com/davideme/lamp-control-api-reference/api/repository.go:134.2,134.16 1 1
github.com/davideme/lamp-control-api-reference/api/repository.go:134.16,136.3 1 0
github.com/davideme/lamp-control-api-reference/api/repository.go:138.2,143.40 3 1
github.com/davideme/lamp-control-api-reference/api/repository.go:143.40,145.31 2 1
github.com/davideme/lamp-control-api-reference/api/repository.go:145.31,147.4 1 0
github.com/davideme/lamp-control-api-reference/api/repository.go:148.3,150.14 2 1
github.com/davideme/lamp-control-api-reference/api/repository.go:153.2,153.43 1 1
github.com/davideme/lamp-control-api-reference/api/repository.go:153.43,154.71 1 1
github.com/davideme/lamp-control-api-reference/api/repository.go:154.71,157.23 3 1
github.com/davideme/lamp-control-api-reference/api/repository.go:157.23,158.25 1 1
github.com/davideme/lamp-control-api-reference/api/repository.go:158.25,159.14 1 1
github.com/davideme/lamp-control-api-reference/api/repository.go:162.5,162.27 1 1
github.com/davideme/lamp-control-api-reference/api/repository.go:165.4,165.16 1 0
github.com/davideme/lamp-control-api-reference/api/repository.go:168.3,168.75 1 1
github.com/davideme/lamp-control-api-reference/api/repository.go:171.2,171.29 1 1
github.com/davideme/lamp-control-api-reference/api/repository.go:171.29,173.3 1 1
github.com/davideme/lamp-control-api-reference/api/repository.go:175.2,176.25 2 1
github.com/davideme/lamp-control-api-reference/api/repository.go:176.25,178.3 1 1
github.com/davideme/lamp-control-api-reference/api/repository.go:180.2,181.32 2 1
github.com/davideme/lamp-control-api-reference/api/repository.go:181.32,189.3 2 1
github.com/davideme/lamp-control-api-reference/api/repository.go:191.2,191.18 1 1
github.com/davideme/lamp-control-api-reference/api/repository.go:195.87,199.2 2 1
